0 info it worked if it ends with ok
1 verbose cli [ 'c:\\Program Files\\nodejs\\node.exe',
1 verbose cli   'c:\\Program Files\\nodejs\\node_modules\\npm\\bin\\npm-cli.js',
1 verbose cli   'install',
1 verbose cli   'gul-livereload' ]
2 info using npm@1.4.28
3 info using node@v0.10.32
4 warn package.json aks-portal@1.0.0 No repository field.
5 verbose readDependencies using package.json deps
6 verbose cache add [ 'gul-livereload', null ]
7 verbose cache add name=undefined spec="gul-livereload" args=["gul-livereload",null]
8 verbose parsed url { protocol: null,
8 verbose parsed url   slashes: null,
8 verbose parsed url   auth: null,
8 verbose parsed url   host: null,
8 verbose parsed url   port: null,
8 verbose parsed url   hostname: null,
8 verbose parsed url   hash: null,
8 verbose parsed url   search: null,
8 verbose parsed url   query: null,
8 verbose parsed url   pathname: 'gul-livereload',
8 verbose parsed url   path: 'gul-livereload',
8 verbose parsed url   href: 'gul-livereload' }
9 silly lockFile a58104bd-gul-livereload gul-livereload
10 verbose lock gul-livereload C:\Users\Daniel\AppData\Roaming\npm-cache\a58104bd-gul-livereload.lock
11 silly lockFile a58104bd-gul-livereload gul-livereload
12 silly lockFile a58104bd-gul-livereload gul-livereload
13 verbose addNamed [ 'gul-livereload', '' ]
14 verbose addNamed [ null, '*' ]
15 silly lockFile f5c0f643-gul-livereload gul-livereload@
16 verbose lock gul-livereload@ C:\Users\Daniel\AppData\Roaming\npm-cache\f5c0f643-gul-livereload.lock
17 silly addNameRange { name: 'gul-livereload', range: '*', hasData: false }
18 verbose request where is /gul-livereload
19 verbose request registry https://registry.npmjs.org/
20 verbose request id 319c011527e12071
21 verbose url raw /gul-livereload
22 verbose url resolving [ 'https://registry.npmjs.org/', './gul-livereload' ]
23 verbose url resolved https://registry.npmjs.org/gul-livereload
24 verbose request where is https://registry.npmjs.org/gul-livereload
25 info trying registry request attempt 1 at 14:13:58
26 http GET https://registry.npmjs.org/gul-livereload
27 http 404 https://registry.npmjs.org/gul-livereload
28 verbose headers { date: 'Tue, 14 Oct 2014 21:13:56 GMT',
28 verbose headers   server: 'CouchDB/1.5.0 (Erlang OTP/R16B03)',
28 verbose headers   'content-type': 'application/json',
28 verbose headers   'cache-control': 'max-age=0',
28 verbose headers   'content-length': '52',
28 verbose headers   'accept-ranges': 'bytes',
28 verbose headers   via: '1.1 varnish',
28 verbose headers   age: '0',
28 verbose headers   'x-served-by': 'cache-sjc3133-SJC',
28 verbose headers   'x-cache': 'MISS',
28 verbose headers   'x-cache-hits': '0',
28 verbose headers   'x-timer': 'S1413321236.855181,VS0,VE132',
28 verbose headers   'keep-alive': 'timeout=10, max=50',
28 verbose headers   connection: 'Keep-Alive' }
29 silly registry.get cb [ 404,
29 silly registry.get   { date: 'Tue, 14 Oct 2014 21:13:56 GMT',
29 silly registry.get     server: 'CouchDB/1.5.0 (Erlang OTP/R16B03)',
29 silly registry.get     'content-type': 'application/json',
29 silly registry.get     'cache-control': 'max-age=0',
29 silly registry.get     'content-length': '52',
29 silly registry.get     'accept-ranges': 'bytes',
29 silly registry.get     via: '1.1 varnish',
29 silly registry.get     age: '0',
29 silly registry.get     'x-served-by': 'cache-sjc3133-SJC',
29 silly registry.get     'x-cache': 'MISS',
29 silly registry.get     'x-cache-hits': '0',
29 silly registry.get     'x-timer': 'S1413321236.855181,VS0,VE132',
29 silly registry.get     'keep-alive': 'timeout=10, max=50',
29 silly registry.get     connection: 'Keep-Alive' } ]
30 silly lockFile f5c0f643-gul-livereload gul-livereload@
31 silly lockFile f5c0f643-gul-livereload gul-livereload@
32 error 404 404 Not Found: gul-livereload
32 error 404
32 error 404 'gul-livereload' is not in the npm registry.
32 error 404 You should bug the author to publish it
32 error 404 It was specified as a dependency of 'aks-portal'
32 error 404
32 error 404 Note that you can also install from a
32 error 404 tarball, folder, or http url, or git url.
33 error System Windows_NT 6.1.7601
34 error command "c:\\Program Files\\nodejs\\node.exe" "c:\\Program Files\\nodejs\\node_modules\\npm\\bin\\npm-cli.js" "install" "gul-livereload"
35 error cwd c:\Users\Daniel\Dropbox\_My Files\projects\aqua_klean\aks-portal
36 error node -v v0.10.32
37 error npm -v 1.4.28
38 error code E404
39 verbose exit [ 1, true ]
